<?xml version="1.0" encoding="UTF-8"?>
<testsuite xmlns:xsi="http://www.w3.org/2001/XMLSchema-instance" xsi:noNamespaceSchemaLocation="https://maven.apache.org/surefire/maven-surefire-plugin/xsd/surefire-test-report.xsd" name="com.baeldung.annotation.scanner.SampleAnnotationScannerUnitTest" time="9.955" tests="2" errors="0" skipped="0" failures="0">
  <properties>
    <property name="java.specification.version" value="18"/>
    <property name="sun.cpu.isalist" value="amd64"/>
    <property name="sun.jnu.encoding" value="Cp1252"/>
    <property name="java.class.path" value="C:\Main\SprinBootWorkspace\tutorials-master\tutorials-master\spring-boot-modules\spring-boot-libraries-2\target\test-classes;C:\Main\SprinBootWorkspace\tutorials-master\tutorials-master\spring-boot-modules\spring-boot-libraries-2\target\classes;C:\Users\sandi\.m2\repository\org\springframework\boot\spring-boot-starter-web\2.7.8\spring-boot-starter-web-2.7.8.jar;C:\Users\sandi\.m2\repository\org\springframework\boot\spring-boot-starter\2.7.8\spring-boot-starter-2.7.8.jar;C:\Users\sandi\.m2\repository\org\springframework\boot\spring-boot\2.7.8\spring-boot-2.7.8.jar;C:\Users\sandi\.m2\repository\org\springframework\boot\spring-boot-autoconfigure\2.7.8\spring-boot-autoconfigure-2.7.8.jar;C:\Users\sandi\.m2\repository\org\springframework\boot\spring-boot-starter-logging\2.7.8\spring-boot-starter-logging-2.7.8.jar;C:\Users\sandi\.m2\repository\org\apache\logging\log4j\log4j-to-slf4j\2.17.2\log4j-to-slf4j-2.17.2.jar;C:\Users\sandi\.m2\repository\org\apache\logging\log4j\log4j-api\2.17.2\log4j-api-2.17.2.jar;C:\Users\sandi\.m2\repository\org\slf4j\jul-to-slf4j\1.7.36\jul-to-slf4j-1.7.36.jar;C:\Users\sandi\.m2\repository\jakarta\annotation\jakarta.annotation-api\1.3.5\jakarta.annotation-api-1.3.5.jar;C:\Users\sandi\.m2\repository\org\yaml\snakeyaml\1.30\snakeyaml-1.30.jar;C:\Users\sandi\.m2\repository\org\springframework\boot\spring-boot-starter-json\2.7.8\spring-boot-starter-json-2.7.8.jar;C:\Users\sandi\.m2\repository\com\fasterxml\jackson\datatype\jackson-datatype-jdk8\2.13.4\jackson-datatype-jdk8-2.13.4.jar;C:\Users\sandi\.m2\repository\com\fasterxml\jackson\module\jackson-module-parameter-names\2.13.4\jackson-module-parameter-names-2.13.4.jar;C:\Users\sandi\.m2\repository\org\springframework\boot\spring-boot-starter-tomcat\2.7.8\spring-boot-starter-tomcat-2.7.8.jar;C:\Users\sandi\.m2\repository\org\apache\tomcat\embed\tomcat-embed-core\9.0.71\tomcat-embed-core-9.0.71.jar;C:\Users\sandi\.m2\repository\org\apache\tomcat\embed\tomcat-embed-el\9.0.71\tomcat-embed-el-9.0.71.jar;C:\Users\sandi\.m2\repository\org\apache\tomcat\embed\tomcat-embed-websocket\9.0.71\tomcat-embed-websocket-9.0.71.jar;C:\Users\sandi\.m2\repository\org\springframework\spring-web\5.3.25\spring-web-5.3.25.jar;C:\Users\sandi\.m2\repository\org\springframework\spring-webmvc\5.3.25\spring-webmvc-5.3.25.jar;C:\Users\sandi\.m2\repository\org\springframework\spring-expression\5.3.25\spring-expression-5.3.25.jar;C:\Users\sandi\.m2\repository\org\springframework\boot\spring-boot-starter-aop\2.7.8\spring-boot-starter-aop-2.7.8.jar;C:\Users\sandi\.m2\repository\org\springframework\spring-aop\5.3.25\spring-aop-5.3.25.jar;C:\Users\sandi\.m2\repository\org\aspectj\aspectjweaver\1.9.7\aspectjweaver-1.9.7.jar;C:\Users\sandi\.m2\repository\org\springframework\boot\spring-boot-starter-actuator\2.7.8\spring-boot-starter-actuator-2.7.8.jar;C:\Users\sandi\.m2\repository\org\springframework\boot\spring-boot-actuator-autoconfigure\2.7.8\spring-boot-actuator-autoconfigure-2.7.8.jar;C:\Users\sandi\.m2\repository\org\springframework\boot\spring-boot-actuator\2.7.8\spring-boot-actuator-2.7.8.jar;C:\Users\sandi\.m2\repository\io\micrometer\micrometer-core\1.9.7\micrometer-core-1.9.7.jar;C:\Users\sandi\.m2\repository\org\hdrhistogram\HdrHistogram\2.1.12\HdrHistogram-2.1.12.jar;C:\Users\sandi\.m2\repository\org\latencyutils\LatencyUtils\2.0.3\LatencyUtils-2.0.3.jar;C:\Users\sandi\.m2\repository\ch\qos\logback\logback-classic\1.2.11\logback-classic-1.2.11.jar;C:\Users\sandi\.m2\repository\org\springframework\data\spring-data-jpa\2.7.7\spring-data-jpa-2.7.7.jar;C:\Users\sandi\.m2\repository\org\springframework\data\spring-data-commons\2.7.7\spring-data-commons-2.7.7.jar;C:\Users\sandi\.m2\repository\org\springframework\spring-orm\5.3.25\spring-orm-5.3.25.jar;C:\Users\sandi\.m2\repository\org\springframework\spring-jdbc\5.3.25\spring-jdbc-5.3.25.jar;C:\Users\sandi\.m2\repository\org\springframework\spring-context\5.3.25\spring-context-5.3.25.jar;C:\Users\sandi\.m2\repository\org\springframework\spring-tx\5.3.25\spring-tx-5.3.25.jar;C:\Users\sandi\.m2\repository\org\springframework\spring-beans\5.3.25\spring-beans-5.3.25.jar;C:\Users\sandi\.m2\repository\org\springframework\spring-core\5.3.25\spring-core-5.3.25.jar;C:\Users\sandi\.m2\repository\org\springframework\spring-jcl\5.3.25\spring-jcl-5.3.25.jar;C:\Users\sandi\.m2\repository\org\jobrunr\jobrunr-spring-boot-starter\3.1.1\jobrunr-spring-boot-starter-3.1.1.jar;C:\Users\sandi\.m2\repository\org\jobrunr\jobrunr\3.1.1\jobrunr-3.1.1.jar;C:\Users\sandi\.m2\repository\org\openapitools\openapi-generator\5.1.0\openapi-generator-5.1.0.jar;C:\Users\sandi\.m2\repository\io\swagger\core\v3\swagger-core\2.1.2\swagger-core-2.1.2.jar;C:\Users\sandi\.m2\repository\com\fasterxml\jackson\dataformat\jackson-dataformat-yaml\2.13.4\jackson-dataformat-yaml-2.13.4.jar;C:\Users\sandi\.m2\repository\io\swagger\core\v3\swagger-annotations\2.1.2\swagger-annotations-2.1.2.jar;C:\Users\sandi\.m2\repository\io\swagger\core\v3\swagger-models\2.1.2\swagger-models-2.1.2.jar;C:\Users\sandi\.m2\repository\jakarta\validation\jakarta.validation-api\2.0.2\jakarta.validation-api-2.0.2.jar;C:\Users\sandi\.m2\repository\io\swagger\parser\v3\swagger-parser\2.0.24\swagger-parser-2.0.24.jar;C:\Users\sandi\.m2\repository\io\swagger\parser\v3\swagger-parser-v2-converter\2.0.24\swagger-parser-v2-converter-2.0.24.jar;C:\Users\sandi\.m2\repository\io\swagger\swagger-core\1.6.2\swagger-core-1.6.2.jar;C:\Users\sandi\.m2\repository\javax\validation\validation-api\2.0.1.Final\validation-api-2.0.1.Final.jar;C:\Users\sandi\.m2\repository\io\swagger\swagger-parser\1.0.53\swagger-parser-1.0.53.jar;C:\Users\sandi\.m2\repository\io\swagger\swagger-compat-spec-parser\1.0.53\swagger-compat-spec-parser-1.0.53.jar;C:\Users\sandi\.m2\repository\com\github\java-json-tools\json-schema-validator\2.2.14\json-schema-validator-2.2.14.jar;C:\Users\sandi\.m2\repository\com\github\java-json-tools\jackson-coreutils-equivalence\1.0\jackson-coreutils-equivalence-1.0.jar;C:\Users\sandi\.m2\repository\com\github\java-json-tools\json-schema-core\1.2.14\json-schema-core-1.2.14.jar;C:\Users\sandi\.m2\repository\com\github\java-json-tools\uri-template\0.10\uri-template-0.10.jar;C:\Users\sandi\.m2\repository\org\mozilla\rhino\1.7.7.2\rhino-1.7.7.2.jar;C:\Users\sandi\.m2\repository\com\sun\mail\mailapi\1.6.2\mailapi-1.6.2.jar;C:\Users\sandi\.m2\repository\com\googlecode\libphonenumber\libphonenumber\8.11.1\libphonenumber-8.11.1.jar;C:\Users\sandi\.m2\repository\com\github\java-json-tools\json-patch\1.13\json-patch-1.13.jar;C:\Users\sandi\.m2\repository\com\github\java-json-tools\msg-simple\1.2\msg-simple-1.2.jar;C:\Users\sandi\.m2\repository\com\github\java-json-tools\btf\1.3\btf-1.3.jar;C:\Users\sandi\.m2\repository\com\github\java-json-tools\jackson-coreutils\2.0\jackson-coreutils-2.0.jar;C:\Users\sandi\.m2\repository\io\swagger\parser\v3\swagger-parser-core\2.0.24\swagger-parser-core-2.0.24.jar;C:\Users\sandi\.m2\repository\io\swagger\parser\v3\swagger-parser-v3\2.0.24\swagger-parser-v3-2.0.24.jar;C:\Users\sandi\.m2\repository\com\samskivert\jmustache\1.15\jmustache-1.15.jar;C:\Users\sandi\.m2\repository\com\github\jknack\handlebars\4.1.2\handlebars-4.1.2.jar;C:\Users\sandi\.m2\repository\com\github\jknack\handlebars-jackson2\4.1.2\handlebars-jackson2-4.1.2.jar;C:\Users\sandi\.m2\repository\commons-io\commons-io\2.4\commons-io-2.4.jar;C:\Users\sandi\.m2\repository\org\slf4j\slf4j-ext\1.7.36\slf4j-ext-1.7.36.jar;C:\Users\sandi\.m2\repository\org\slf4j\slf4j-simple\1.7.36\slf4j-simple-1.7.36.jar;C:\Users\sandi\.m2\repository\org\apache\commons\commons-lang3\3.12.0\commons-lang3-3.12.0.jar;C:\Users\sandi\.m2\repository\commons-cli\commons-cli\1.2\commons-cli-1.2.jar;C:\Users\sandi\.m2\repository\com\google\guava\guava\26.0-jre\guava-26.0-jre.jar;C:\Users\sandi\.m2\repository\org\checkerframework\checker-qual\2.5.2\checker-qual-2.5.2.jar;C:\Users\sandi\.m2\repository\com\google\errorprone\error_prone_annotations\2.1.3\error_prone_annotations-2.1.3.jar;C:\Users\sandi\.m2\repository\com\google\j2objc\j2objc-annotations\1.1\j2objc-annotations-1.1.jar;C:\Users\sandi\.m2\repository\org\codehaus\mojo\animal-sniffer-annotations\1.14\animal-sniffer-annotations-1.14.jar;C:\Users\sandi\.m2\repository\com\fasterxml\jackson\datatype\jackson-datatype-guava\2.13.4\jackson-datatype-guava-2.13.4.jar;C:\Users\sandi\.m2\repository\com\fasterxml\jackson\core\jackson-core\2.13.4\jackson-core-2.13.4.jar;C:\Users\sandi\.m2\repository\com\atlassian\commonmark\commonmark\0.11.0\commonmark-0.11.0.jar;C:\Users\sandi\.m2\repository\com\github\mifmif\generex\1.0.2\generex-1.0.2.jar;C:\Users\sandi\.m2\repository\dk\brics\automaton\automaton\1.11-8\automaton-1.11-8.jar;C:\Users\sandi\.m2\repository\com\github\curious-odd-man\rgxgen\1.3\rgxgen-1.3.jar;C:\Users\sandi\.m2\repository\com\fasterxml\jackson\datatype\jackson-datatype-jsr310\2.13.4\jackson-datatype-jsr310-2.13.4.jar;C:\Users\sandi\.m2\repository\com\fasterxml\jackson\datatype\jackson-datatype-joda\2.13.4\jackson-datatype-joda-2.13.4.jar;C:\Users\sandi\.m2\repository\joda-time\joda-time\2.10.8\joda-time-2.10.8.jar;C:\Users\sandi\.m2\repository\com\github\joschi\jackson\jackson-datatype-threetenbp\2.10.0\jackson-datatype-threetenbp-2.10.0.jar;C:\Users\sandi\.m2\repository\org\threeten\threetenbp\1.4.0\threetenbp-1.4.0.jar;C:\Users\sandi\.m2\repository\org\openapitools\openapi-generator-core\5.1.0\openapi-generator-core-5.1.0.jar;C:\Users\sandi\.m2\repository\net\java\dev\jna\jna\5.5.0\jna-5.5.0.jar;C:\Users\sandi\.m2\repository\com\github\ben-manes\caffeine\caffeine\2.9.3\caffeine-2.9.3.jar;C:\Users\sandi\.m2\repository\org\openapitools\jackson-databind-nullable\0.2.1\jackson-databind-nullable-0.2.1.jar;C:\Users\sandi\.m2\repository\com\fasterxml\jackson\core\jackson-databind\2.13.4.2\jackson-databind-2.13.4.2.jar;C:\Users\sandi\.m2\repository\io\springfox\springfox-swagger2\2.9.2\springfox-swagger2-2.9.2.jar;C:\Users\sandi\.m2\repository\io\swagger\swagger-annotations\1.5.20\swagger-annotations-1.5.20.jar;C:\Users\sandi\.m2\repository\io\swagger\swagger-models\1.5.20\swagger-models-1.5.20.jar;C:\Users\sandi\.m2\repository\io\springfox\springfox-spi\2.9.2\springfox-spi-2.9.2.jar;C:\Users\sandi\.m2\repository\io\springfox\springfox-core\2.9.2\springfox-core-2.9.2.jar;C:\Users\sandi\.m2\repository\io\springfox\springfox-schema\2.9.2\springfox-schema-2.9.2.jar;C:\Users\sandi\.m2\repository\io\springfox\springfox-swagger-common\2.9.2\springfox-swagger-common-2.9.2.jar;C:\Users\sandi\.m2\repository\io\springfox\springfox-spring-web\2.9.2\springfox-spring-web-2.9.2.jar;C:\Users\sandi\.m2\repository\com\fasterxml\classmate\1.5.1\classmate-1.5.1.jar;C:\Users\sandi\.m2\repository\org\springframework\plugin\spring-plugin-core\1.2.0.RELEASE\spring-plugin-core-1.2.0.RELEASE.jar;C:\Users\sandi\.m2\repository\org\springframework\plugin\spring-plugin-metadata\1.2.0.RELEASE\spring-plugin-metadata-1.2.0.RELEASE.jar;C:\Users\sandi\.m2\repository\org\mapstruct\mapstruct\1.2.0.Final\mapstruct-1.2.0.Final.jar;C:\Users\sandi\.m2\repository\org\springframework\boot\spring-boot-starter-test\2.7.8\spring-boot-starter-test-2.7.8.jar;C:\Users\sandi\.m2\repository\org\springframework\boot\spring-boot-test\2.7.8\spring-boot-test-2.7.8.jar;C:\Users\sandi\.m2\repository\org\springframework\boot\spring-boot-test-autoconfigure\2.7.8\spring-boot-test-autoconfigure-2.7.8.jar;C:\Users\sandi\.m2\repository\com\jayway\jsonpath\json-path\2.7.0\json-path-2.7.0.jar;C:\Users\sandi\.m2\repository\net\minidev\json-smart\2.4.8\json-smart-2.4.8.jar;C:\Users\sandi\.m2\repository\net\minidev\accessors-smart\2.4.8\accessors-smart-2.4.8.jar;C:\Users\sandi\.m2\repository\jakarta\xml\bind\jakarta.xml.bind-api\2.3.3\jakarta.xml.bind-api-2.3.3.jar;C:\Users\sandi\.m2\repository\jakarta\activation\jakarta.activation-api\1.2.2\jakarta.activation-api-1.2.2.jar;C:\Users\sandi\.m2\repository\org\junit\jupiter\junit-jupiter\5.8.1\junit-jupiter-5.8.1.jar;C:\Users\sandi\.m2\repository\org\mockito\mockito-junit-jupiter\4.5.1\mockito-junit-jupiter-4.5.1.jar;C:\Users\sandi\.m2\repository\org\skyscreamer\jsonassert\1.5.1\jsonassert-1.5.1.jar;C:\Users\sandi\.m2\repository\com\vaadin\external\google\android-json\0.0.20131108.vaadin1\android-json-0.0.20131108.vaadin1.jar;C:\Users\sandi\.m2\repository\org\springframework\spring-test\5.3.25\spring-test-5.3.25.jar;C:\Users\sandi\.m2\repository\org\xmlunit\xmlunit-core\2.9.1\xmlunit-core-2.9.1.jar;C:\Users\sandi\.m2\repository\org\awaitility\awaitility\4.0.3\awaitility-4.0.3.jar;C:\Users\sandi\.m2\repository\org\reflections\reflections\0.10.2\reflections-0.10.2.jar;C:\Users\sandi\.m2\repository\org\javassist\javassist\3.28.0-GA\javassist-3.28.0-GA.jar;C:\Users\sandi\.m2\repository\com\google\code\findbugs\jsr305\3.0.2\jsr305-3.0.2.jar;C:\Users\sandi\.m2\repository\org\jboss\jandex\2.4.3.Final\jandex-2.4.3.Final.jar;C:\Users\sandi\.m2\repository\io\github\resilience4j\resilience4j-spring-boot2\1.7.0\resilience4j-spring-boot2-1.7.0.jar;C:\Users\sandi\.m2\repository\io\vavr\vavr\0.10.2\vavr-0.10.2.jar;C:\Users\sandi\.m2\repository\io\vavr\vavr-match\0.10.2\vavr-match-0.10.2.jar;C:\Users\sandi\.m2\repository\io\github\resilience4j\resilience4j-spring\1.7.0\resilience4j-spring-1.7.0.jar;C:\Users\sandi\.m2\repository\io\github\resilience4j\resilience4j-annotations\1.7.0\resilience4j-annotations-1.7.0.jar;C:\Users\sandi\.m2\repository\io\github\resilience4j\resilience4j-consumer\1.7.0\resilience4j-consumer-1.7.0.jar;C:\Users\sandi\.m2\repository\io\github\resilience4j\resilience4j-core\1.7.0\resilience4j-core-1.7.0.jar;C:\Users\sandi\.m2\repository\io\github\resilience4j\resilience4j-circularbuffer\1.7.0\resilience4j-circularbuffer-1.7.0.jar;C:\Users\sandi\.m2\repository\io\github\resilience4j\resilience4j-framework-common\1.7.0\resilience4j-framework-common-1.7.0.jar;C:\Users\sandi\.m2\repository\io\github\resilience4j\resilience4j-circuitbreaker\1.7.0\resilience4j-circuitbreaker-1.7.0.jar;C:\Users\sandi\.m2\repository\io\github\resilience4j\resilience4j-ratelimiter\1.7.0\resilience4j-ratelimiter-1.7.0.jar;C:\Users\sandi\.m2\repository\io\github\resilience4j\resilience4j-retry\1.7.0\resilience4j-retry-1.7.0.jar;C:\Users\sandi\.m2\repository\io\github\resilience4j\resilience4j-bulkhead\1.7.0\resilience4j-bulkhead-1.7.0.jar;C:\Users\sandi\.m2\repository\io\github\resilience4j\resilience4j-timelimiter\1.7.0\resilience4j-timelimiter-1.7.0.jar;C:\Users\sandi\.m2\repository\io\github\resilience4j\resilience4j-micrometer\1.7.0\resilience4j-micrometer-1.7.0.jar;C:\Users\sandi\.m2\repository\com\github\tomakehurst\wiremock-jre8\2.34.0\wiremock-jre8-2.34.0.jar;C:\Users\sandi\.m2\repository\org\eclipse\jetty\jetty-server\9.4.50.v20221201\jetty-server-9.4.50.v20221201.jar;C:\Users\sandi\.m2\repository\javax\servlet\javax.servlet-api\4.0.1\javax.servlet-api-4.0.1.jar;C:\Users\sandi\.m2\repository\org\eclipse\jetty\jetty-http\9.4.50.v20221201\jetty-http-9.4.50.v20221201.jar;C:\Users\sandi\.m2\repository\org\eclipse\jetty\jetty-io\9.4.50.v20221201\jetty-io-9.4.50.v20221201.jar;C:\Users\sandi\.m2\repository\org\eclipse\jetty\jetty-servlet\9.4.50.v20221201\jetty-servlet-9.4.50.v20221201.jar;C:\Users\sandi\.m2\repository\org\eclipse\jetty\jetty-security\9.4.50.v20221201\jetty-security-9.4.50.v20221201.jar;C:\Users\sandi\.m2\repository\org\eclipse\jetty\jetty-util-ajax\9.4.50.v20221201\jetty-util-ajax-9.4.50.v20221201.jar;C:\Users\sandi\.m2\repository\org\eclipse\jetty\jetty-servlets\9.4.50.v20221201\jetty-servlets-9.4.50.v20221201.jar;C:\Users\sandi\.m2\repository\org\eclipse\jetty\jetty-continuation\9.4.50.v20221201\jetty-continuation-9.4.50.v20221201.jar;C:\Users\sandi\.m2\repository\org\eclipse\jetty\jetty-util\9.4.50.v20221201\jetty-util-9.4.50.v20221201.jar;C:\Users\sandi\.m2\repository\org\eclipse\jetty\jetty-webapp\9.4.50.v20221201\jetty-webapp-9.4.50.v20221201.jar;C:\Users\sandi\.m2\repository\org\eclipse\jetty\jetty-xml\9.4.50.v20221201\jetty-xml-9.4.50.v20221201.jar;C:\Users\sandi\.m2\repository\org\eclipse\jetty\jetty-proxy\9.4.50.v20221201\jetty-proxy-9.4.50.v20221201.jar;C:\Users\sandi\.m2\repository\org\eclipse\jetty\jetty-client\9.4.50.v20221201\jetty-client-9.4.50.v20221201.jar;C:\Users\sandi\.m2\repository\org\eclipse\jetty\http2\http2-server\9.4.50.v20221201\http2-server-9.4.50.v20221201.jar;C:\Users\sandi\.m2\repository\org\eclipse\jetty\http2\http2-common\9.4.50.v20221201\http2-common-9.4.50.v20221201.jar;C:\Users\sandi\.m2\repository\org\eclipse\jetty\http2\http2-hpack\9.4.50.v20221201\http2-hpack-9.4.50.v20221201.jar;C:\Users\sandi\.m2\repository\org\eclipse\jetty\jetty-alpn-server\9.4.50.v20221201\jetty-alpn-server-9.4.50.v20221201.jar;C:\Users\sandi\.m2\repository\org\eclipse\jetty\jetty-alpn-java-server\9.4.50.v20221201\jetty-alpn-java-server-9.4.50.v20221201.jar;C:\Users\sandi\.m2\repository\org\eclipse\jetty\jetty-alpn-openjdk8-server\9.4.50.v20221201\jetty-alpn-openjdk8-server-9.4.50.v20221201.jar;C:\Users\sandi\.m2\repository\org\eclipse\jetty\jetty-alpn-java-client\9.4.50.v20221201\jetty-alpn-java-client-9.4.50.v20221201.jar;C:\Users\sandi\.m2\repository\org\eclipse\jetty\jetty-alpn-client\9.4.50.v20221201\jetty-alpn-client-9.4.50.v20221201.jar;C:\Users\sandi\.m2\repository\org\eclipse\jetty\jetty-alpn-openjdk8-client\9.4.50.v20221201\jetty-alpn-openjdk8-client-9.4.50.v20221201.jar;C:\Users\sandi\.m2\repository\com\fasterxml\jackson\core\jackson-annotations\2.13.4\jackson-annotations-2.13.4.jar;C:\Users\sandi\.m2\repository\org\apache\httpcomponents\client5\httpclient5\5.1.4\httpclient5-5.1.4.jar;C:\Users\sandi\.m2\repository\org\apache\httpcomponents\core5\httpcore5\5.1.5\httpcore5-5.1.5.jar;C:\Users\sandi\.m2\repository\org\apache\httpcomponents\core5\httpcore5-h2\5.1.5\httpcore5-h2-5.1.5.jar;C:\Users\sandi\.m2\repository\commons-codec\commons-codec\1.15\commons-codec-1.15.jar;C:\Users\sandi\.m2\repository\org\xmlunit\xmlunit-legacy\2.9.1\xmlunit-legacy-2.9.1.jar;C:\Users\sandi\.m2\repository\org\xmlunit\xmlunit-placeholders\2.9.1\xmlunit-placeholders-2.9.1.jar;C:\Users\sandi\.m2\repository\net\javacrumbs\json-unit\json-unit-core\2.35.0\json-unit-core-2.35.0.jar;C:\Users\sandi\.m2\repository\org\ow2\asm\asm\9.3\asm-9.3.jar;C:\Users\sandi\.m2\repository\net\sf\jopt-simple\jopt-simple\5.0.4\jopt-simple-5.0.4.jar;C:\Users\sandi\.m2\repository\com\github\jknack\handlebars-helpers\4.3.0\handlebars-helpers-4.3.0.jar;C:\Users\sandi\.m2\repository\commons-fileupload\commons-fileupload\1.4\commons-fileupload-1.4.jar;C:\Users\sandi\.m2\repository\io\rest-assured\rest-assured\3.3.0\rest-assured-3.3.0.jar;C:\Users\sandi\.m2\repository\org\codehaus\groovy\groovy\3.0.14\groovy-3.0.14.jar;C:\Users\sandi\.m2\repository\org\codehaus\groovy\groovy-xml\3.0.14\groovy-xml-3.0.14.jar;C:\Users\sandi\.m2\repository\org\apache\httpcomponents\httpclient\4.5.14\httpclient-4.5.14.jar;C:\Users\sandi\.m2\repository\org\apache\httpcomponents\httpcore\4.4.16\httpcore-4.4.16.jar;C:\Users\sandi\.m2\repository\org\apache\httpcomponents\httpmime\4.5.14\httpmime-4.5.14.jar;C:\Users\sandi\.m2\repository\org\hamcrest\hamcrest-core\2.2\hamcrest-core-2.2.jar;C:\Users\sandi\.m2\repository\org\hamcrest\hamcrest-library\2.2\hamcrest-library-2.2.jar;C:\Users\sandi\.m2\repository\org\ccil\cowan\tagsoup\tagsoup\1.2.1\tagsoup-1.2.1.jar;C:\Users\sandi\.m2\repository\io\rest-assured\json-path\4.5.1\json-path-4.5.1.jar;C:\Users\sandi\.m2\repository\org\codehaus\groovy\groovy-json\3.0.14\groovy-json-3.0.14.jar;C:\Users\sandi\.m2\repository\io\rest-assured\rest-assured-common\4.5.1\rest-assured-common-4.5.1.jar;C:\Users\sandi\.m2\repository\io\rest-assured\xml-path\4.5.1\xml-path-4.5.1.jar;C:\Users\sandi\.m2\repository\org\slf4j\slf4j-api\1.7.32\slf4j-api-1.7.32.jar;C:\Users\sandi\.m2\repository\ch\qos\logback\logback-core\1.2.7\logback-core-1.2.7.jar;C:\Users\sandi\.m2\repository\org\slf4j\jcl-over-slf4j\1.7.32\jcl-over-slf4j-1.7.32.jar;C:\Users\sandi\.m2\repository\org\junit\jupiter\junit-jupiter-engine\5.8.1\junit-jupiter-engine-5.8.1.jar;C:\Users\sandi\.m2\repository\org\junit\platform\junit-platform-engine\1.8.1\junit-platform-engine-1.8.1.jar;C:\Users\sandi\.m2\repository\org\apiguardian\apiguardian-api\1.1.2\apiguardian-api-1.1.2.jar;C:\Users\sandi\.m2\repository\org\junit\jupiter\junit-jupiter-params\5.8.1\junit-jupiter-params-5.8.1.jar;C:\Users\sandi\.m2\repository\org\junit\jupiter\junit-jupiter-api\5.8.1\junit-jupiter-api-5.8.1.jar;C:\Users\sandi\.m2\repository\org\opentest4j\opentest4j\1.2.0\opentest4j-1.2.0.jar;C:\Users\sandi\.m2\repository\org\junit\platform\junit-platform-commons\1.8.1\junit-platform-commons-1.8.1.jar;C:\Users\sandi\.m2\repository\org\junit\vintage\junit-vintage-engine\5.8.1\junit-vintage-engine-5.8.1.jar;C:\Users\sandi\.m2\repository\junit\junit\4.13.2\junit-4.13.2.jar;C:\Users\sandi\.m2\repository\org\assertj\assertj-core\3.21.0\assertj-core-3.21.0.jar;C:\Users\sandi\.m2\repository\org\hamcrest\hamcrest\2.2\hamcrest-2.2.jar;C:\Users\sandi\.m2\repository\org\hamcrest\hamcrest-all\1.3\hamcrest-all-1.3.jar;C:\Users\sandi\.m2\repository\org\mockito\mockito-core\4.4.0\mockito-core-4.4.0.jar;C:\Users\sandi\.m2\repository\net\bytebuddy\byte-buddy\1.12.22\byte-buddy-1.12.22.jar;C:\Users\sandi\.m2\repository\net\bytebuddy\byte-buddy-agent\1.12.22\byte-buddy-agent-1.12.22.jar;C:\Users\sandi\.m2\repository\org\objenesis\objenesis\3.2\objenesis-3.2.jar;C:\Users\sandi\.m2\repository\org\apache\maven\surefire\surefire-logger-api\2.22.2\surefire-logger-api-2.22.2.jar;"/>
    <property name="java.vm.vendor" value="Oracle Corporation"/>
    <property name="sun.arch.data.model" value="64"/>
    <property name="user.variant" value=""/>
    <property name="java.vendor.url" value="https://java.oracle.com/"/>
    <property name="user.timezone" value="Asia/Calcutta"/>
    <property name="os.name" value="Windows 11"/>
    <property name="java.vm.specification.version" value="18"/>
    <property name="sun.java.launcher" value="SUN_STANDARD"/>
    <property name="user.country" value="IN"/>
    <property name="sun.boot.library.path" value="C:\Program Files\Java\jdk-18.0.1\bin"/>
    <property name="sun.java.command" value="C:\Users\sandi\AppData\Local\Temp\surefire15689191966831936093\surefirebooter11128559762066284629.jar C:\Users\sandi\AppData\Local\Temp\surefire15689191966831936093 2023-02-19T22-23-47_402-jvmRun1 surefire6115427772162297126tmp surefire_04902236334015976674tmp"/>
    <property name="jdk.debug" value="release"/>
    <property name="surefire.test.class.path" value="C:\Main\SprinBootWorkspace\tutorials-master\tutorials-master\spring-boot-modules\spring-boot-libraries-2\target\test-classes;C:\Main\SprinBootWorkspace\tutorials-master\tutorials-master\spring-boot-modules\spring-boot-libraries-2\target\classes;C:\Users\sandi\.m2\repository\org\springframework\boot\spring-boot-starter-web\2.7.8\spring-boot-starter-web-2.7.8.jar;C:\Users\sandi\.m2\repository\org\springframework\boot\spring-boot-starter\2.7.8\spring-boot-starter-2.7.8.jar;C:\Users\sandi\.m2\repository\org\springframework\boot\spring-boot\2.7.8\spring-boot-2.7.8.jar;C:\Users\sandi\.m2\repository\org\springframework\boot\spring-boot-autoconfigure\2.7.8\spring-boot-autoconfigure-2.7.8.jar;C:\Users\sandi\.m2\repository\org\springframework\boot\spring-boot-starter-logging\2.7.8\spring-boot-starter-logging-2.7.8.jar;C:\Users\sandi\.m2\repository\org\apache\logging\log4j\log4j-to-slf4j\2.17.2\log4j-to-slf4j-2.17.2.jar;C:\Users\sandi\.m2\repository\org\apache\logging\log4j\log4j-api\2.17.2\log4j-api-2.17.2.jar;C:\Users\sandi\.m2\repository\org\slf4j\jul-to-slf4j\1.7.36\jul-to-slf4j-1.7.36.jar;C:\Users\sandi\.m2\repository\jakarta\annotation\jakarta.annotation-api\1.3.5\jakarta.annotation-api-1.3.5.jar;C:\Users\sandi\.m2\repository\org\yaml\snakeyaml\1.30\snakeyaml-1.30.jar;C:\Users\sandi\.m2\repository\org\springframework\boot\spring-boot-starter-json\2.7.8\spring-boot-starter-json-2.7.8.jar;C:\Users\sandi\.m2\repository\com\fasterxml\jackson\datatype\jackson-datatype-jdk8\2.13.4\jackson-datatype-jdk8-2.13.4.jar;C:\Users\sandi\.m2\repository\com\fasterxml\jackson\module\jackson-module-parameter-names\2.13.4\jackson-module-parameter-names-2.13.4.jar;C:\Users\sandi\.m2\repository\org\springframework\boot\spring-boot-starter-tomcat\2.7.8\spring-boot-starter-tomcat-2.7.8.jar;C:\Users\sandi\.m2\repository\org\apache\tomcat\embed\tomcat-embed-core\9.0.71\tomcat-embed-core-9.0.71.jar;C:\Users\sandi\.m2\repository\org\apache\tomcat\embed\tomcat-embed-el\9.0.71\tomcat-embed-el-9.0.71.jar;C:\Users\sandi\.m2\repository\org\apache\tomcat\embed\tomcat-embed-websocket\9.0.71\tomcat-embed-websocket-9.0.71.jar;C:\Users\sandi\.m2\repository\org\springframework\spring-web\5.3.25\spring-web-5.3.25.jar;C:\Users\sandi\.m2\repository\org\springframework\spring-webmvc\5.3.25\spring-webmvc-5.3.25.jar;C:\Users\sandi\.m2\repository\org\springframework\spring-expression\5.3.25\spring-expression-5.3.25.jar;C:\Users\sandi\.m2\repository\org\springframework\boot\spring-boot-starter-aop\2.7.8\spring-boot-starter-aop-2.7.8.jar;C:\Users\sandi\.m2\repository\org\springframework\spring-aop\5.3.25\spring-aop-5.3.25.jar;C:\Users\sandi\.m2\repository\org\aspectj\aspectjweaver\1.9.7\aspectjweaver-1.9.7.jar;C:\Users\sandi\.m2\repository\org\springframework\boot\spring-boot-starter-actuator\2.7.8\spring-boot-starter-actuator-2.7.8.jar;C:\Users\sandi\.m2\repository\org\springframework\boot\spring-boot-actuator-autoconfigure\2.7.8\spring-boot-actuator-autoconfigure-2.7.8.jar;C:\Users\sandi\.m2\repository\org\springframework\boot\spring-boot-actuator\2.7.8\spring-boot-actuator-2.7.8.jar;C:\Users\sandi\.m2\repository\io\micrometer\micrometer-core\1.9.7\micrometer-core-1.9.7.jar;C:\Users\sandi\.m2\repository\org\hdrhistogram\HdrHistogram\2.1.12\HdrHistogram-2.1.12.jar;C:\Users\sandi\.m2\repository\org\latencyutils\LatencyUtils\2.0.3\LatencyUtils-2.0.3.jar;C:\Users\sandi\.m2\repository\ch\qos\logback\logback-classic\1.2.11\logback-classic-1.2.11.jar;C:\Users\sandi\.m2\repository\org\springframework\data\spring-data-jpa\2.7.7\spring-data-jpa-2.7.7.jar;C:\Users\sandi\.m2\repository\org\springframework\data\spring-data-commons\2.7.7\spring-data-commons-2.7.7.jar;C:\Users\sandi\.m2\repository\org\springframework\spring-orm\5.3.25\spring-orm-5.3.25.jar;C:\Users\sandi\.m2\repository\org\springframework\spring-jdbc\5.3.25\spring-jdbc-5.3.25.jar;C:\Users\sandi\.m2\repository\org\springframework\spring-context\5.3.25\spring-context-5.3.25.jar;C:\Users\sandi\.m2\repository\org\springframework\spring-tx\5.3.25\spring-tx-5.3.25.jar;C:\Users\sandi\.m2\repository\org\springframework\spring-beans\5.3.25\spring-beans-5.3.25.jar;C:\Users\sandi\.m2\repository\org\springframework\spring-core\5.3.25\spring-core-5.3.25.jar;C:\Users\sandi\.m2\repository\org\springframework\spring-jcl\5.3.25\spring-jcl-5.3.25.jar;C:\Users\sandi\.m2\repository\org\jobrunr\jobrunr-spring-boot-starter\3.1.1\jobrunr-spring-boot-starter-3.1.1.jar;C:\Users\sandi\.m2\repository\org\jobrunr\jobrunr\3.1.1\jobrunr-3.1.1.jar;C:\Users\sandi\.m2\repository\org\openapitools\openapi-generator\5.1.0\openapi-generator-5.1.0.jar;C:\Users\sandi\.m2\repository\io\swagger\core\v3\swagger-core\2.1.2\swagger-core-2.1.2.jar;C:\Users\sandi\.m2\repository\com\fasterxml\jackson\dataformat\jackson-dataformat-yaml\2.13.4\jackson-dataformat-yaml-2.13.4.jar;C:\Users\sandi\.m2\repository\io\swagger\core\v3\swagger-annotations\2.1.2\swagger-annotations-2.1.2.jar;C:\Users\sandi\.m2\repository\io\swagger\core\v3\swagger-models\2.1.2\swagger-models-2.1.2.jar;C:\Users\sandi\.m2\repository\jakarta\validation\jakarta.validation-api\2.0.2\jakarta.validation-api-2.0.2.jar;C:\Users\sandi\.m2\repository\io\swagger\parser\v3\swagger-parser\2.0.24\swagger-parser-2.0.24.jar;C:\Users\sandi\.m2\repository\io\swagger\parser\v3\swagger-parser-v2-converter\2.0.24\swagger-parser-v2-converter-2.0.24.jar;C:\Users\sandi\.m2\repository\io\swagger\swagger-core\1.6.2\swagger-core-1.6.2.jar;C:\Users\sandi\.m2\repository\javax\validation\validation-api\2.0.1.Final\validation-api-2.0.1.Final.jar;C:\Users\sandi\.m2\repository\io\swagger\swagger-parser\1.0.53\swagger-parser-1.0.53.jar;C:\Users\sandi\.m2\repository\io\swagger\swagger-compat-spec-parser\1.0.53\swagger-compat-spec-parser-1.0.53.jar;C:\Users\sandi\.m2\repository\com\github\java-json-tools\json-schema-validator\2.2.14\json-schema-validator-2.2.14.jar;C:\Users\sandi\.m2\repository\com\github\java-json-tools\jackson-coreutils-equivalence\1.0\jackson-coreutils-equivalence-1.0.jar;C:\Users\sandi\.m2\repository\com\github\java-json-tools\json-schema-core\1.2.14\json-schema-core-1.2.14.jar;C:\Users\sandi\.m2\repository\com\github\java-json-tools\uri-template\0.10\uri-template-0.10.jar;C:\Users\sandi\.m2\repository\org\mozilla\rhino\1.7.7.2\rhino-1.7.7.2.jar;C:\Users\sandi\.m2\repository\com\sun\mail\mailapi\1.6.2\mailapi-1.6.2.jar;C:\Users\sandi\.m2\repository\com\googlecode\libphonenumber\libphonenumber\8.11.1\libphonenumber-8.11.1.jar;C:\Users\sandi\.m2\repository\com\github\java-json-tools\json-patch\1.13\json-patch-1.13.jar;C:\Users\sandi\.m2\repository\com\github\java-json-tools\msg-simple\1.2\msg-simple-1.2.jar;C:\Users\sandi\.m2\repository\com\github\java-json-tools\btf\1.3\btf-1.3.jar;C:\Users\sandi\.m2\repository\com\github\java-json-tools\jackson-coreutils\2.0\jackson-coreutils-2.0.jar;C:\Users\sandi\.m2\repository\io\swagger\parser\v3\swagger-parser-core\2.0.24\swagger-parser-core-2.0.24.jar;C:\Users\sandi\.m2\repository\io\swagger\parser\v3\swagger-parser-v3\2.0.24\swagger-parser-v3-2.0.24.jar;C:\Users\sandi\.m2\repository\com\samskivert\jmustache\1.15\jmustache-1.15.jar;C:\Users\sandi\.m2\repository\com\github\jknack\handlebars\4.1.2\handlebars-4.1.2.jar;C:\Users\sandi\.m2\repository\com\github\jknack\handlebars-jackson2\4.1.2\handlebars-jackson2-4.1.2.jar;C:\Users\sandi\.m2\repository\commons-io\commons-io\2.4\commons-io-2.4.jar;C:\Users\sandi\.m2\repository\org\slf4j\slf4j-ext\1.7.36\slf4j-ext-1.7.36.jar;C:\Users\sandi\.m2\repository\org\slf4j\slf4j-simple\1.7.36\slf4j-simple-1.7.36.jar;C:\Users\sandi\.m2\repository\org\apache\commons\commons-lang3\3.12.0\commons-lang3-3.12.0.jar;C:\Users\sandi\.m2\repository\commons-cli\commons-cli\1.2\commons-cli-1.2.jar;C:\Users\sandi\.m2\repository\com\google\guava\guava\26.0-jre\guava-26.0-jre.jar;C:\Users\sandi\.m2\repository\org\checkerframework\checker-qual\2.5.2\checker-qual-2.5.2.jar;C:\Users\sandi\.m2\repository\com\google\errorprone\error_prone_annotations\2.1.3\error_prone_annotations-2.1.3.jar;C:\Users\sandi\.m2\repository\com\google\j2objc\j2objc-annotations\1.1\j2objc-annotations-1.1.jar;C:\Users\sandi\.m2\repository\org\codehaus\mojo\animal-sniffer-annotations\1.14\animal-sniffer-annotations-1.14.jar;C:\Users\sandi\.m2\repository\com\fasterxml\jackson\datatype\jackson-datatype-guava\2.13.4\jackson-datatype-guava-2.13.4.jar;C:\Users\sandi\.m2\repository\com\fasterxml\jackson\core\jackson-core\2.13.4\jackson-core-2.13.4.jar;C:\Users\sandi\.m2\repository\com\atlassian\commonmark\commonmark\0.11.0\commonmark-0.11.0.jar;C:\Users\sandi\.m2\repository\com\github\mifmif\generex\1.0.2\generex-1.0.2.jar;C:\Users\sandi\.m2\repository\dk\brics\automaton\automaton\1.11-8\automaton-1.11-8.jar;C:\Users\sandi\.m2\repository\com\github\curious-odd-man\rgxgen\1.3\rgxgen-1.3.jar;C:\Users\sandi\.m2\repository\com\fasterxml\jackson\datatype\jackson-datatype-jsr310\2.13.4\jackson-datatype-jsr310-2.13.4.jar;C:\Users\sandi\.m2\repository\com\fasterxml\jackson\datatype\jackson-datatype-joda\2.13.4\jackson-datatype-joda-2.13.4.jar;C:\Users\sandi\.m2\repository\joda-time\joda-time\2.10.8\joda-time-2.10.8.jar;C:\Users\sandi\.m2\repository\com\github\joschi\jackson\jackson-datatype-threetenbp\2.10.0\jackson-datatype-threetenbp-2.10.0.jar;C:\Users\sandi\.m2\repository\org\threeten\threetenbp\1.4.0\threetenbp-1.4.0.jar;C:\Users\sandi\.m2\repository\org\openapitools\openapi-generator-core\5.1.0\openapi-generator-core-5.1.0.jar;C:\Users\sandi\.m2\repository\net\java\dev\jna\jna\5.5.0\jna-5.5.0.jar;C:\Users\sandi\.m2\repository\com\github\ben-manes\caffeine\caffeine\2.9.3\caffeine-2.9.3.jar;C:\Users\sandi\.m2\repository\org\openapitools\jackson-databind-nullable\0.2.1\jackson-databind-nullable-0.2.1.jar;C:\Users\sandi\.m2\repository\com\fasterxml\jackson\core\jackson-databind\2.13.4.2\jackson-databind-2.13.4.2.jar;C:\Users\sandi\.m2\repository\io\springfox\springfox-swagger2\2.9.2\springfox-swagger2-2.9.2.jar;C:\Users\sandi\.m2\repository\io\swagger\swagger-annotations\1.5.20\swagger-annotations-1.5.20.jar;C:\Users\sandi\.m2\repository\io\swagger\swagger-models\1.5.20\swagger-models-1.5.20.jar;C:\Users\sandi\.m2\repository\io\springfox\springfox-spi\2.9.2\springfox-spi-2.9.2.jar;C:\Users\sandi\.m2\repository\io\springfox\springfox-core\2.9.2\springfox-core-2.9.2.jar;C:\Users\sandi\.m2\repository\io\springfox\springfox-schema\2.9.2\springfox-schema-2.9.2.jar;C:\Users\sandi\.m2\repository\io\springfox\springfox-swagger-common\2.9.2\springfox-swagger-common-2.9.2.jar;C:\Users\sandi\.m2\repository\io\springfox\springfox-spring-web\2.9.2\springfox-spring-web-2.9.2.jar;C:\Users\sandi\.m2\repository\com\fasterxml\classmate\1.5.1\classmate-1.5.1.jar;C:\Users\sandi\.m2\repository\org\springframework\plugin\spring-plugin-core\1.2.0.RELEASE\spring-plugin-core-1.2.0.RELEASE.jar;C:\Users\sandi\.m2\repository\org\springframework\plugin\spring-plugin-metadata\1.2.0.RELEASE\spring-plugin-metadata-1.2.0.RELEASE.jar;C:\Users\sandi\.m2\repository\org\mapstruct\mapstruct\1.2.0.Final\mapstruct-1.2.0.Final.jar;C:\Users\sandi\.m2\repository\org\springframework\boot\spring-boot-starter-test\2.7.8\spring-boot-starter-test-2.7.8.jar;C:\Users\sandi\.m2\repository\org\springframework\boot\spring-boot-test\2.7.8\spring-boot-test-2.7.8.jar;C:\Users\sandi\.m2\repository\org\springframework\boot\spring-boot-test-autoconfigure\2.7.8\spring-boot-test-autoconfigure-2.7.8.jar;C:\Users\sandi\.m2\repository\com\jayway\jsonpath\json-path\2.7.0\json-path-2.7.0.jar;C:\Users\sandi\.m2\repository\net\minidev\json-smart\2.4.8\json-smart-2.4.8.jar;C:\Users\sandi\.m2\repository\net\minidev\accessors-smart\2.4.8\accessors-smart-2.4.8.jar;C:\Users\sandi\.m2\repository\jakarta\xml\bind\jakarta.xml.bind-api\2.3.3\jakarta.xml.bind-api-2.3.3.jar;C:\Users\sandi\.m2\repository\jakarta\activation\jakarta.activation-api\1.2.2\jakarta.activation-api-1.2.2.jar;C:\Users\sandi\.m2\repository\org\junit\jupiter\junit-jupiter\5.8.1\junit-jupiter-5.8.1.jar;C:\Users\sandi\.m2\repository\org\mockito\mockito-junit-jupiter\4.5.1\mockito-junit-jupiter-4.5.1.jar;C:\Users\sandi\.m2\repository\org\skyscreamer\jsonassert\1.5.1\jsonassert-1.5.1.jar;C:\Users\sandi\.m2\repository\com\vaadin\external\google\android-json\0.0.20131108.vaadin1\android-json-0.0.20131108.vaadin1.jar;C:\Users\sandi\.m2\repository\org\springframework\spring-test\5.3.25\spring-test-5.3.25.jar;C:\Users\sandi\.m2\repository\org\xmlunit\xmlunit-core\2.9.1\xmlunit-core-2.9.1.jar;C:\Users\sandi\.m2\repository\org\awaitility\awaitility\4.0.3\awaitility-4.0.3.jar;C:\Users\sandi\.m2\repository\org\reflections\reflections\0.10.2\reflections-0.10.2.jar;C:\Users\sandi\.m2\repository\org\javassist\javassist\3.28.0-GA\javassist-3.28.0-GA.jar;C:\Users\sandi\.m2\repository\com\google\code\findbugs\jsr305\3.0.2\jsr305-3.0.2.jar;C:\Users\sandi\.m2\repository\org\jboss\jandex\2.4.3.Final\jandex-2.4.3.Final.jar;C:\Users\sandi\.m2\repository\io\github\resilience4j\resilience4j-spring-boot2\1.7.0\resilience4j-spring-boot2-1.7.0.jar;C:\Users\sandi\.m2\repository\io\vavr\vavr\0.10.2\vavr-0.10.2.jar;C:\Users\sandi\.m2\repository\io\vavr\vavr-match\0.10.2\vavr-match-0.10.2.jar;C:\Users\sandi\.m2\repository\io\github\resilience4j\resilience4j-spring\1.7.0\resilience4j-spring-1.7.0.jar;C:\Users\sandi\.m2\repository\io\github\resilience4j\resilience4j-annotations\1.7.0\resilience4j-annotations-1.7.0.jar;C:\Users\sandi\.m2\repository\io\github\resilience4j\resilience4j-consumer\1.7.0\resilience4j-consumer-1.7.0.jar;C:\Users\sandi\.m2\repository\io\github\resilience4j\resilience4j-core\1.7.0\resilience4j-core-1.7.0.jar;C:\Users\sandi\.m2\repository\io\github\resilience4j\resilience4j-circularbuffer\1.7.0\resilience4j-circularbuffer-1.7.0.jar;C:\Users\sandi\.m2\repository\io\github\resilience4j\resilience4j-framework-common\1.7.0\resilience4j-framework-common-1.7.0.jar;C:\Users\sandi\.m2\repository\io\github\resilience4j\resilience4j-circuitbreaker\1.7.0\resilience4j-circuitbreaker-1.7.0.jar;C:\Users\sandi\.m2\repository\io\github\resilience4j\resilience4j-ratelimiter\1.7.0\resilience4j-ratelimiter-1.7.0.jar;C:\Users\sandi\.m2\repository\io\github\resilience4j\resilience4j-retry\1.7.0\resilience4j-retry-1.7.0.jar;C:\Users\sandi\.m2\repository\io\github\resilience4j\resilience4j-bulkhead\1.7.0\resilience4j-bulkhead-1.7.0.jar;C:\Users\sandi\.m2\repository\io\github\resilience4j\resilience4j-timelimiter\1.7.0\resilience4j-timelimiter-1.7.0.jar;C:\Users\sandi\.m2\repository\io\github\resilience4j\resilience4j-micrometer\1.7.0\resilience4j-micrometer-1.7.0.jar;C:\Users\sandi\.m2\repository\com\github\tomakehurst\wiremock-jre8\2.34.0\wiremock-jre8-2.34.0.jar;C:\Users\sandi\.m2\repository\org\eclipse\jetty\jetty-server\9.4.50.v20221201\jetty-server-9.4.50.v20221201.jar;C:\Users\sandi\.m2\repository\javax\servlet\javax.servlet-api\4.0.1\javax.servlet-api-4.0.1.jar;C:\Users\sandi\.m2\repository\org\eclipse\jetty\jetty-http\9.4.50.v20221201\jetty-http-9.4.50.v20221201.jar;C:\Users\sandi\.m2\repository\org\eclipse\jetty\jetty-io\9.4.50.v20221201\jetty-io-9.4.50.v20221201.jar;C:\Users\sandi\.m2\repository\org\eclipse\jetty\jetty-servlet\9.4.50.v20221201\jetty-servlet-9.4.50.v20221201.jar;C:\Users\sandi\.m2\repository\org\eclipse\jetty\jetty-security\9.4.50.v20221201\jetty-security-9.4.50.v20221201.jar;C:\Users\sandi\.m2\repository\org\eclipse\jetty\jetty-util-ajax\9.4.50.v20221201\jetty-util-ajax-9.4.50.v20221201.jar;C:\Users\sandi\.m2\repository\org\eclipse\jetty\jetty-servlets\9.4.50.v20221201\jetty-servlets-9.4.50.v20221201.jar;C:\Users\sandi\.m2\repository\org\eclipse\jetty\jetty-continuation\9.4.50.v20221201\jetty-continuation-9.4.50.v20221201.jar;C:\Users\sandi\.m2\repository\org\eclipse\jetty\jetty-util\9.4.50.v20221201\jetty-util-9.4.50.v20221201.jar;C:\Users\sandi\.m2\repository\org\eclipse\jetty\jetty-webapp\9.4.50.v20221201\jetty-webapp-9.4.50.v20221201.jar;C:\Users\sandi\.m2\repository\org\eclipse\jetty\jetty-xml\9.4.50.v20221201\jetty-xml-9.4.50.v20221201.jar;C:\Users\sandi\.m2\repository\org\eclipse\jetty\jetty-proxy\9.4.50.v20221201\jetty-proxy-9.4.50.v20221201.jar;C:\Users\sandi\.m2\repository\org\eclipse\jetty\jetty-client\9.4.50.v20221201\jetty-client-9.4.50.v20221201.jar;C:\Users\sandi\.m2\repository\org\eclipse\jetty\http2\http2-server\9.4.50.v20221201\http2-server-9.4.50.v20221201.jar;C:\Users\sandi\.m2\repository\org\eclipse\jetty\http2\http2-common\9.4.50.v20221201\http2-common-9.4.50.v20221201.jar;C:\Users\sandi\.m2\repository\org\eclipse\jetty\http2\http2-hpack\9.4.50.v20221201\http2-hpack-9.4.50.v20221201.jar;C:\Users\sandi\.m2\repository\org\eclipse\jetty\jetty-alpn-server\9.4.50.v20221201\jetty-alpn-server-9.4.50.v20221201.jar;C:\Users\sandi\.m2\repository\org\eclipse\jetty\jetty-alpn-java-server\9.4.50.v20221201\jetty-alpn-java-server-9.4.50.v20221201.jar;C:\Users\sandi\.m2\repository\org\eclipse\jetty\jetty-alpn-openjdk8-server\9.4.50.v20221201\jetty-alpn-openjdk8-server-9.4.50.v20221201.jar;C:\Users\sandi\.m2\repository\org\eclipse\jetty\jetty-alpn-java-client\9.4.50.v20221201\jetty-alpn-java-client-9.4.50.v20221201.jar;C:\Users\sandi\.m2\repository\org\eclipse\jetty\jetty-alpn-client\9.4.50.v20221201\jetty-alpn-client-9.4.50.v20221201.jar;C:\Users\sandi\.m2\repository\org\eclipse\jetty\jetty-alpn-openjdk8-client\9.4.50.v20221201\jetty-alpn-openjdk8-client-9.4.50.v20221201.jar;C:\Users\sandi\.m2\repository\com\fasterxml\jackson\core\jackson-annotations\2.13.4\jackson-annotations-2.13.4.jar;C:\Users\sandi\.m2\repository\org\apache\httpcomponents\client5\httpclient5\5.1.4\httpclient5-5.1.4.jar;C:\Users\sandi\.m2\repository\org\apache\httpcomponents\core5\httpcore5\5.1.5\httpcore5-5.1.5.jar;C:\Users\sandi\.m2\repository\org\apache\httpcomponents\core5\httpcore5-h2\5.1.5\httpcore5-h2-5.1.5.jar;C:\Users\sandi\.m2\repository\commons-codec\commons-codec\1.15\commons-codec-1.15.jar;C:\Users\sandi\.m2\repository\org\xmlunit\xmlunit-legacy\2.9.1\xmlunit-legacy-2.9.1.jar;C:\Users\sandi\.m2\repository\org\xmlunit\xmlunit-placeholders\2.9.1\xmlunit-placeholders-2.9.1.jar;C:\Users\sandi\.m2\repository\net\javacrumbs\json-unit\json-unit-core\2.35.0\json-unit-core-2.35.0.jar;C:\Users\sandi\.m2\repository\org\ow2\asm\asm\9.3\asm-9.3.jar;C:\Users\sandi\.m2\repository\net\sf\jopt-simple\jopt-simple\5.0.4\jopt-simple-5.0.4.jar;C:\Users\sandi\.m2\repository\com\github\jknack\handlebars-helpers\4.3.0\handlebars-helpers-4.3.0.jar;C:\Users\sandi\.m2\repository\commons-fileupload\commons-fileupload\1.4\commons-fileupload-1.4.jar;C:\Users\sandi\.m2\repository\io\rest-assured\rest-assured\3.3.0\rest-assured-3.3.0.jar;C:\Users\sandi\.m2\repository\org\codehaus\groovy\groovy\3.0.14\groovy-3.0.14.jar;C:\Users\sandi\.m2\repository\org\codehaus\groovy\groovy-xml\3.0.14\groovy-xml-3.0.14.jar;C:\Users\sandi\.m2\repository\org\apache\httpcomponents\httpclient\4.5.14\httpclient-4.5.14.jar;C:\Users\sandi\.m2\repository\org\apache\httpcomponents\httpcore\4.4.16\httpcore-4.4.16.jar;C:\Users\sandi\.m2\repository\org\apache\httpcomponents\httpmime\4.5.14\httpmime-4.5.14.jar;C:\Users\sandi\.m2\repository\org\hamcrest\hamcrest-core\2.2\hamcrest-core-2.2.jar;C:\Users\sandi\.m2\repository\org\hamcrest\hamcrest-library\2.2\hamcrest-library-2.2.jar;C:\Users\sandi\.m2\repository\org\ccil\cowan\tagsoup\tagsoup\1.2.1\tagsoup-1.2.1.jar;C:\Users\sandi\.m2\repository\io\rest-assured\json-path\4.5.1\json-path-4.5.1.jar;C:\Users\sandi\.m2\repository\org\codehaus\groovy\groovy-json\3.0.14\groovy-json-3.0.14.jar;C:\Users\sandi\.m2\repository\io\rest-assured\rest-assured-common\4.5.1\rest-assured-common-4.5.1.jar;C:\Users\sandi\.m2\repository\io\rest-assured\xml-path\4.5.1\xml-path-4.5.1.jar;C:\Users\sandi\.m2\repository\org\slf4j\slf4j-api\1.7.32\slf4j-api-1.7.32.jar;C:\Users\sandi\.m2\repository\ch\qos\logback\logback-core\1.2.7\logback-core-1.2.7.jar;C:\Users\sandi\.m2\repository\org\slf4j\jcl-over-slf4j\1.7.32\jcl-over-slf4j-1.7.32.jar;C:\Users\sandi\.m2\repository\org\junit\jupiter\junit-jupiter-engine\5.8.1\junit-jupiter-engine-5.8.1.jar;C:\Users\sandi\.m2\repository\org\junit\platform\junit-platform-engine\1.8.1\junit-platform-engine-1.8.1.jar;C:\Users\sandi\.m2\repository\org\apiguardian\apiguardian-api\1.1.2\apiguardian-api-1.1.2.jar;C:\Users\sandi\.m2\repository\org\junit\jupiter\junit-jupiter-params\5.8.1\junit-jupiter-params-5.8.1.jar;C:\Users\sandi\.m2\repository\org\junit\jupiter\junit-jupiter-api\5.8.1\junit-jupiter-api-5.8.1.jar;C:\Users\sandi\.m2\repository\org\opentest4j\opentest4j\1.2.0\opentest4j-1.2.0.jar;C:\Users\sandi\.m2\repository\org\junit\platform\junit-platform-commons\1.8.1\junit-platform-commons-1.8.1.jar;C:\Users\sandi\.m2\repository\org\junit\vintage\junit-vintage-engine\5.8.1\junit-vintage-engine-5.8.1.jar;C:\Users\sandi\.m2\repository\junit\junit\4.13.2\junit-4.13.2.jar;C:\Users\sandi\.m2\repository\org\assertj\assertj-core\3.21.0\assertj-core-3.21.0.jar;C:\Users\sandi\.m2\repository\org\hamcrest\hamcrest\2.2\hamcrest-2.2.jar;C:\Users\sandi\.m2\repository\org\hamcrest\hamcrest-all\1.3\hamcrest-all-1.3.jar;C:\Users\sandi\.m2\repository\org\mockito\mockito-core\4.4.0\mockito-core-4.4.0.jar;C:\Users\sandi\.m2\repository\net\bytebuddy\byte-buddy\1.12.22\byte-buddy-1.12.22.jar;C:\Users\sandi\.m2\repository\net\bytebuddy\byte-buddy-agent\1.12.22\byte-buddy-agent-1.12.22.jar;C:\Users\sandi\.m2\repository\org\objenesis\objenesis\3.2\objenesis-3.2.jar;C:\Users\sandi\.m2\repository\org\apache\maven\surefire\surefire-logger-api\2.22.2\surefire-logger-api-2.22.2.jar;"/>
    <property name="sun.cpu.endian" value="little"/>
    <property name="user.home" value="C:\Users\sandi"/>
    <property name="user.language" value="en"/>
    <property name="java.specification.vendor" value="Oracle Corporation"/>
    <property name="java.version.date" value="2022-04-19"/>
    <property name="java.home" value="C:\Program Files\Java\jdk-18.0.1"/>
    <property name="file.separator" value="\"/>
    <property name="basedir" value="C:\Main\SprinBootWorkspace\tutorials-master\tutorials-master\spring-boot-modules\spring-boot-libraries-2"/>
    <property name="style.color" value="always"/>
    <property name="java.vm.compressedOopsMode" value="32-bit"/>
    <property name="line.separator" value="&#10;"/>
    <property name="java.vm.specification.vendor" value="Oracle Corporation"/>
    <property name="java.specification.name" value="Java Platform API Specification"/>
    <property name="surefire.real.class.path" value="C:\Users\sandi\AppData\Local\Temp\surefire15689191966831936093\surefirebooter11128559762066284629.jar"/>
    <property name="user.script" value=""/>
    <property name="sun.management.compiler" value="HotSpot 64-Bit Tiered Compilers"/>
    <property name="java.runtime.version" value="18.0.1+10-24"/>
    <property name="user.name" value="sandi"/>
    <property name="path.separator" value=";"/>
    <property name="os.version" value="10.0"/>
    <property name="java.runtime.name" value="Java(TM) SE Runtime Environment"/>
    <property name="file.encoding" value="UTF-8"/>
    <property name="java.vm.name" value="Java HotSpot(TM) 64-Bit Server VM"/>
    <property name="localRepository" value="C:\Users\sandi\.m2\repository"/>
    <property name="java.vendor.url.bug" value="https://bugreport.java.com/bugreport/"/>
    <property name="java.io.tmpdir" value="C:\Users\sandi\AppData\Local\Temp\"/>
    <property name="java.version" value="18.0.1"/>
    <property name="user.dir" value="C:\Main\SprinBootWorkspace\tutorials-master\tutorials-master\spring-boot-modules\spring-boot-libraries-2"/>
    <property name="os.arch" value="amd64"/>
    <property name="java.vm.specification.name" value="Java Virtual Machine Specification"/>
    <property name="sun.os.patch.level" value=""/>
    <property name="native.encoding" value="Cp1252"/>
    <property name="java.library.path" value="C:\Program Files\Java\jdk-18.0.1\bin;C:\WINDOWS\Sun\Java\bin;C:\WINDOWS\system32;C:\WINDOWS;C:/Main/Software/sts-4.14.1.RELEASE//plugins/org.eclipse.justj.openjdk.hotspot.jre.full.win32.x86_64_17.0.2.v20220201-1208/jre/bin/server;C:/Main/Software/sts-4.14.1.RELEASE//plugins/org.eclipse.justj.openjdk.hotspot.jre.full.win32.x86_64_17.0.2.v20220201-1208/jre/bin;C:\Program Files\Common Files\Oracle\Java\javapath;C:\WINDOWS\system32;C:\WINDOWS;C:\WINDOWS\System32\Wbem;C:\WINDOWS\System32\WindowsPowerShell\v1.0\;C:\WINDOWS\System32\OpenSSH\;C:\Program Files\nodejs\;C:\Program Files\dotnet\;C:\Program Files\MySQL\MySQL Shell 8.0\bin\;C:\Users\sandi\AppData\Local\Microsoft\WindowsApps;C:\Users\sandi\AppData\Local\Programs\Microsoft VS Code\bin;C:\Users\sandi\AppData\Roaming\npm;C:\Program Files\Java\jdk-18.0.1\bin;;C:\Main\Software\sts-4.14.1.RELEASE;;."/>
    <property name="java.vm.info" value="mixed mode, sharing"/>
    <property name="java.vendor" value="Oracle Corporation"/>
    <property name="java.vm.version" value="18.0.1+10-24"/>
    <property name="sun.io.unicode.encoding" value="UnicodeLittle"/>
    <property name="java.class.version" value="62.0"/>
  </properties>
  <testcase name="givenPackage_whenScanAnnotatedClasses_thenAnnotationValues" classname="com.baeldung.annotation.scanner.SampleAnnotationScannerUnitTest" time="1.013"/>
  <testcase name="givenPackage_whenScanAnnotatedMethods_thenAnnotationValues" classname="com.baeldung.annotation.scanner.SampleAnnotationScannerUnitTest" time="0.029"/>
</testsuite>